🚀 Site Scraper 启动
============================================================
目标 URL: https://www.tokyostarbank.co.jp/products/deposit/savings/
最大深度：1
最大页面：9999
输出目录：/Users/zhaoshan/site-scraper-output
白名单路径：/products/
============================================================

📁 输出目录：/Users/zhaoshan/site-scraper-output/www.tokyostarbank.co.jp/products-deposit-savings/2026-03-25T06-18-16
📌 站点标识：www.tokyostarbank.co.jp/products-deposit-savings


📄 [深度 0] 爬取：https://www.tokyostarbank.co.jp/products/deposit/savings/
  📥 加载页面...
  🔄 滚动页面加载动态内容...
  ✅ 页面加载完成
  📝 转换 Markdown...
  🔗 提取链接...
  📎 下载 2 个文档...
  ⬇️ 已下载：image-8.jpg
  ⬇️ 已下载：image-7.png
  ⬇️ 已下载：image-4.jpg
  ⬇️ 已下载：image-1.jpg
  ⬇️ 已下载：image-5.jpg
  ⬇️ 已下载：image-6.jpg
  ⬇️ 已下载：image-2.jpg
  ⬇️ 已下载：image-3.jpg
  ⬇️ 已下载：ソーシャルメディア利用規約（PDF：866KB）-social_media.pdf
  ⬇️ 已下载：当行が発行するインボイスに関するご案内-250513.pdf
  ✅ 完成：普通預金 | 東京スター銀行
     链接：170 | 文档：2 | 图片：0
  ⏭️ 白名单过滤：56 个匹配，112 个跳过
  🔄 发现 56 个网页链接，准备递归爬取...

📄 [深度 1] 爬取：https://www.tokyostarbank.co.jp/products/deposit/savings/#tab-menu-01
  📥 加载页面...
  🔄 滚动页面加载动态内容...
  ✅ 页面加载完成
  📝 转换 Markdown...
  🔗 提取链接...
  📎 下载 2 个文档...
  ✅ 完成：普通預金 | 東京スター銀行
     链接：170 | 文档：2 | 图片：0

📄 [深度 1] 爬取：https://www.tokyostarbank.co.jp/products/trust_contract/inheritance/
  📥 加载页面...
  ⬇️ 已下载：image-8.jpg
  ⬇️ 已下载：image-7.png
  ⬇️ 已下载：image-5.jpg
  ⬇️ 已下载：image-1.jpg
  ⬇️ 已下载：image-4.jpg
  ⬇️ 已下载：image-3.jpg
  ⬇️ 已下载：image-6.jpg
  ⬇️ 已下载：image-2.jpg
  🔄 滚动页面加载动态内容...
  ✅ 页面加载完成
  📝 转换 Markdown...
  🔗 提取链接...
  📎 下载 3 个文档...
  ⬇️ 已下载：image-5.jpg
  ⬇️ 已下载：image-3.png
  ⬇️ 已下载：image-2.png
  ⬇️ 已下载：image-4.png
  ⬇️ 已下载：お手続きの流れ[PDF200KB]-inheritance_guidance.pdf
  ✅ 完成：相続のお手続き | 東京スター銀行
     链接：152 | 文档：3 | 图片：0

📄 [深度 1] 爬取：https://www.tokyostarbank.co.jp/products/
  📥 加载页面...
  ⬇️ 已下载：image-1.png
  🔄 滚动页面加载动态内容...
  ✅ 页面加载完成
  📝 转换 Markdown...
  🔗 提取链接...
  📎 下载 2 个文档...
  ✅ 完成：商品・サービス | 東京スター銀行
     链接：173 | 文档：2 | 图片：0

📄 [深度 1] 爬取：https://www.tokyostarbank.co.jp/products/deposit/
  📥 加载页面...
  ⬇️ 已下载：image-80.png
  ⬇️ 已下载：image-5.jpg
  ⬇️ 已下载：image-74.png
  ⬇️ 已下载：image-75.png
  ⬇️ 已下载：image-6.jpg
  ⬇️ 已下载：image-17.jpg
  ⬇️ 已下载：image-3.png
  ⬇️ 已下载：image-27.png
  ⬇️ 已下载：image-62.jpg
  ⬇️ 已下载：image-36.jpg
  ⬇️ 已下载：image-7.jpg
  ⬇️ 已下载：image-71.jpg
  ⬇️ 已下载：image-69.jpg
  ⬇️ 已下载：image-15.png
  ⬇️ 已下载：image-48.png
  ⬇️ 已下载：image-63.jpg
  ⬇️ 已下载：image-58.jpg
  ⬇️ 已下载：image-59.jpg
  ⬇️ 已下载：image-47.jpg
  ⬇️ 已下载：image-33.png
  ⬇️ 已下载：image-54.jpg
  ⬇️ 已下载：image-70.jpg
  ⬇️ 已下载：image-40.jpg
  ⬇️ 已下载：image-68.jpg
  ⬇️ 已下载：image-23.jpg
  ⬇️ 已下载：image-16.jpg
  ⬇️ 已下载：image-2.jpg
  ⬇️ 已下载：image-56.jpg
  ⬇️ 已下载：image-46.jpg
  ⬇️ 已下载：image-55.jpg
  ⬇️ 已下载：image-53.jpg
  ⬇️ 已下载：image-41.jpg
  ⬇️ 已下载：image-78.jpg
  ⬇️ 已下载：image-77.jpg
  ⬇️ 已下载：image-39.png
  ⬇️ 已下载：image-11.jpg
  ⬇️ 已下载：image-8.jpg
  ⬇️ 已下载：image-50.jpg
  ⬇️ 已下载：image-49.jpg
  ⬇️ 已下载：image-28.jpg
  ⬇️ 已下载：image-20.jpg
  ⬇️ 已下载：image-30.jpg
  ⬇️ 已下载：image-22.jpg
  ⬇️ 已下载：image-26.jpg
  ⬇️ 已下载：image-35.jpg
  ⬇️ 已下载：image-57.jpg
  ⬇️ 已下载：image-64.jpg
  ⬇️ 已下载：image-44.jpg
  ⬇️ 已下载：image-12.jpg
  ⬇️ 已下载：image-32.jpg
  ⬇️ 已下载：image-79.jpg
  ⬇️ 已下载：image-60.jpg
  ⬇️ 已下载：image-65.jpg
  ⚠️ 下载失败：Request failed with status code 502
  ⚠️ 下载失败：Request failed with status code 502
  ⬇️ 已下载：image-31.jpg
  ⬇️ 已下载：image-18.jpg
  ⬇️ 已下载：image-76.jpg
  ⬇️ 已下载：image-66.jpg
  ⬇️ 已下载：image-52.jpg
  ⬇️ 已下载：image-19.jpg
  ⬇️ 已下载：image-13.jpg
  ⬇️ 已下载：image-29.jpg
  ⬇️ 已下载：image-21.jpg
  ⬇️ 已下载：image-38.jpg
  ⬇️ 已下载：image-61.png
  ⬇️ 已下载：image-34.jpg
  ⬇️ 已下载：image-73.jpg
  ⬇️ 已下载：image-45.jpg
  ⬇️ 已下载：image-37.jpg
  ⬇️ 已下载：image-10.jpg
  ⬇️ 已下载：image-67.jpg
  ⬇️ 已下载：image-24.jpg
  ⬇️ 已下载：image-4.jpg
  ⬇️ 已下载：image-43.jpg
  ⬇️ 已下载：image-14.jpg
  ⬇️ 已下载：image-42.jpg
  ⬇️ 已下载：image-72.jpg
  🔄 滚动页面加载动态内容...
  ✅ 页面加载完成
  📝 转换 Markdown...
  🔗 提取链接...
  📎 下载 4 个文档...
  ⬇️ 已下载：image-6.jpg
  ⬇️ 已下载：image-5.png
  ⚠️ 下载失败：Request failed with status code 502
  ⬇️ 已下载：image-2.jpg
  ⚠️ 下载失败：stream has been aborted
  ⬇️ 已下载：image-1.jpg
  ⬇️ 已下载：スターワン大口円定期預金※[PDF81.5KB]-oguchi_outline.pdf
  ⬇️ 已下载：image-4.jpg
  ⬇️ 已下载：ラダリング円定期預金※[PDF87.6KB]-laddering_outline.pdf
  ✅ 完成：円預金（普通預金や定期預金）・金利について | 東京スター銀行
     链接：159 | 文档：4 | 图片：0

📄 [深度 1] 爬取：https://www.tokyostarbank.co.jp/products/deposit/term/
  📥 加载页面...
  ⚠️ 下载失败：stream has been aborted
  🔄 滚动页面加载动态内容...
  ✅ 页面加载完成
  📝 转换 Markdown...
  🔗 提取链接...
  📎 下载 2 个文档...
  ✅ 完成：定期預金 | 東京スター銀行
     链接：172 | 文档：2 | 图片：0

📄 [深度 1] 爬取：https://www.tokyostarbank.co.jp/products/deposit/structure/
  📥 加载页面...
  ⬇️ 已下载：image-18.jpg
  ⬇️ 已下载：image-17.png
  ⬇️ 已下载：image-1.png
  ⬇️ 已下载：image-8.png
  ⬇️ 已下载：image-3.png
  ⬇️ 已下载：image-4.png
  ⬇️ 已下载：image-6.png
  ⬇️ 已下载：image-14.jpg
  ⬇️ 已下载：image-2.png
  ⬇️ 已下载：image-9.png
  ⬇️ 已下载：image-15.jpg
  ⬇️ 已下载：image-5.png
  ⬇️ 已下载：image-16.jpg
  ⬇️ 已下载：image-12.png
  ⬇️ 已下载：image-10.png
  ⬇️ 已下载：image-7.png
  ⬇️ 已下载：image-13.jpg
  ⬇️ 已下载：image-11.png
  🔄 滚动页面加载动态内容...
  ✅ 页面加载完成
  📝 转换 Markdown...
  🔗 提取链接...
  📎 下载 2 个文档...
  ✅ 完成：仕組み預金 | 東京スター銀行
     链接：171 | 文档：2 | 图片：0

📄 [深度 1] 爬取：https://www.tokyostarbank.co.jp/products/foreign_deposit/
  📥 加载页面...
  ⬇️ 已下载：image-10.png
  ⬇️ 已下载：image-1.png
  ⬇️ 已下载：image-3.png
  ⬇️ 已下载：image-2.png
  ⬇️ 已下载：image-4.png
  ⬇️ 已下载：image-7.jpg
  ⬇️ 已下载：image-8.jpg
  ⬇️ 已下载：image-6.jpg
  ⬇️ 已下载：image-9.jpg
  ⬇️ 已下载：image-5.jpg
  🔄 滚动页面加载动态内容...
  ✅ 页面加载完成
  📝 转换 Markdown...
  🔗 提取链接...
  📎 下载 2 个文档...
  ✅ 完成：外貨預金 | 東京スター銀行
     链接：170 | 文档：2 | 图片：0

📄 [深度 1] 爬取：https://www.tokyostarbank.co.jp/products/foreign_deposit/savings/
  📥 加载页面...
  ⬇️ 已下载：image-29.jpg
  ⬇️ 已下载：image-18.png
  ⬇️ 已下载：image-8.png
  ⬇️ 已下载：image-15.png
  ⬇️ 已下载：image-13.png
  ⬇️ 已下载：image-16.png
  ⬇️ 已下载：image-4.png
  ⬇️ 已下载：image-22.png
  ⬇️ 已下载：image-11.png
  ⬇️ 已下载：image-5.png
  ⬇️ 已下载：image-14.png
  ⬇️ 已下载：image-2.png
  ⬇️ 已下载：image-25.jpg
  ⬇️ 已下载：image-23.png
  ⬇️ 已下载：image-9.png
  ⬇️ 已下载：image-3.png
  ⬇️ 已下载：image-20.png
  ⬇️ 已下载：image-27.jpg
  ⬇️ 已下载：image-26.jpg
  ⬇️ 已下载：image-12.png
  ⬇️ 已下载：image-19.png
  ⬇️ 已下载：image-10.png
  ⬇️ 已下载：image-6.png
  ⬇️ 已下载：image-1.png
  ⬇️ 已下载：image-28.png
  ⬇️ 已下载：image-7.png
  ⬇️ 已下载：image-21.png
  ⬇️ 已下载：image-24.jpg
  ⬇️ 已下载：image-17.png
  🔄 滚动页面加载动态内容...
  ✅ 页面加载完成
  📝 转换 Markdown...
  🔗 提取链接...
  📎 下载 2 个文档...
  ✅ 完成：外貨普通預金 | 東京スター銀行
     链接：164 | 文档：2 | 图片：0

📄 [深度 1] 爬取：https://www.tokyostarbank.co.jp/products/foreign_deposit/term/
  📥 加载页面...
  ⬇️ 已下载：image-8.jpg
  ⬇️ 已下载：image-7.png
  ⬇️ 已下载：image-1.jpg
  ⬇️ 已下载：image-2.png
  ⬇️ 已下载：image-5.jpg
  ⬇️ 已下载：image-4.jpg
  ⬇️ 已下载：image-3.jpg
  ⬇️ 已下载：image-6.jpg
  🔄 滚动页面加载动态内容...
  ✅ 页面加载完成
  📝 转换 Markdown...
  🔗 提取链接...
  📎 下载 2 个文档...
  ✅ 完成：外貨定期預金 | 東京スター銀行
     链接：166 | 文档：2 | 图片：0

📄 [深度 1] 爬取：https://www.tokyostarbank.co.jp/products/foreign_deposit/structure/
  📥 加载页面...
  ⬇️ 已下载：image-10.jpg
  ⬇️ 已下载：image-9.png
  ⬇️ 已下载：image-3.png
  ⬇️ 已下载：image-2.png
  ⬇️ 已下载：image-8.jpg
  ⬇️ 已下载：image-7.jpg
  ⬇️ 已下载：image-6.jpg
  ⬇️ 已下载：image-1.jpg
  ⬇️ 已下载：image-5.jpg
  ⬇️ 已下载：image-4.jpg
  🔄 滚动页面加载动态内容...
  ✅ 页面加载完成
  📝 转换 Markdown...
  🔗 提取链接...
  📎 下载 2 个文档...
  ✅ 完成：外貨仕組み預金 | 東京スター銀行
     链接：165 | 文档：2 | 图片：0

📄 [深度 1] 爬取：https://www.tokyostarbank.co.jp/products/investment/
  📥 加载页面...
  ⬇️ 已下载：image-10.jpg
  ⬇️ 已下载：image-9.png
  ⬇️ 已下载：image-3.jpg
  ⬇️ 已下载：image-2.png
  ⬇️ 已下载：image-6.jpg
  ⬇️ 已下载：image-1.png
  ⬇️ 已下载：image-7.jpg
  ⬇️ 已下载：image-4.jpg
  ⬇️ 已下载：image-5.jpg
  ⬇️ 已下载：image-8.jpg
  🔄 滚动页面加载动态内容...
  ✅ 页面加载完成
  📝 转换 Markdown...
  🔗 提取链接...
  📎 下载 8 个文档...
  ⬇️ 已下载：image-25.png
  ⬇️ 已下载：image-14.png
  ⬇️ 已下载：image-12.png
  ⬇️ 已下载：image-13.png
  ⬇️ 已下载：image-16.jpg
  ⬇️ 已下载：image-24.png
  ⬇️ 已下载：image-17.jpg
  ⬇️ 已下载：image-22.jpg
  ⬇️ 已下载：image-15.jpg
  ⬇️ 已下载：image-7.png
  ⬇️ 已下载：image-20.jpg
  ⬇️ 已下载：image-23.jpg
  ⬇️ 已下载：image-19.jpg
  ⬇️ 已下载：image-6.jpg
  ⬇️ 已下载：image-11.png
  ⬇️ 已下载：image-2.jpg
  ⬇️ 已下载：image-21.jpg
  ⬇️ 已下载：2026年3月12日2026年3月13日（金）より、ニッセイシュローダー好利回り-260312.pdf
  ⬇️ 已下载：image-5.png
  ⬇️ 已下载：image-8.png
  ⬇️ 已下载：image-18.png
  ⬇️ 已下载：image-1.png
  ⬇️ 已下载：image-3.png
  ⬇️ 已下载：image-9.png
  ⬇️ 已下载：image-4.png
  ⬇️ 已下载：image-10.jpg
  ⬇️ 已下载：2026年3月5日「アジア・オセアニア好配当成長株オープン（毎月分配型）」につい-260305_2.pdf
  ⬇️ 已下载：2026年1月23日2026年2月13日（金）の当日受付時間終了をもって、一部の-260123_2.pdf
  ⬇️ 已下载：【重要】投資信託「取引残高報告書」の作成基準変更のお知らせ[PDF78KB]-190313.pdf
  ⬇️ 已下载：【重要】投資信託の分配金にかかるご案内文書の郵送停止のお知らせ[PDF1.02M-190809.pdf
  ⬇️ 已下载：【重要】「特定口座年間取引報告書」「上場株式配当等の支払通知書」の電子交付化およ-191129.pdf
  ✅ 完成：投資信託 | 東京スター銀行
     链接：172 | 文档：8 | 图片：0

📄 [深度 1] 爬取：https://www.tokyostarbank.co.jp/products/investment/fund/
  📥 加载页面...
  🔄 滚动页面加载动态内容...
  ✅ 页面加载完成
  📝 转换 Markdown...
  🔗 提取链接...
  📎 下载 4 个文档...
  ⬇️ 已下载：image-3.jpg
  ⬇️ 已下载：image-2.png
  ⬇️ 已下载：image-1.jpg
  ⬇️ 已下载：2022年1月にNISA口座の「みなし廃止」を行いました[PDF166.4KB]-220104.pdf
  ⬇️ 已下载：システムメンテナンス情報[PDF137.7KB]-maintenance.pdf
  ✅ 完成：全商品　ファンド・基準価額一覧 | 東京スター銀行
     链接：156 | 文档：4 | 图片：0

📄 [深度 1] 爬取：https://www.tokyostarbank.co.jp/products/investment/nisa/nisa_2024.html
  📥 加载页面...
  🔄 滚动页面加载动态内容...
  ✅ 页面加载完成
  📝 转换 Markdown...
  🔗 提取链接...
  📎 下载 2 个文档...
  ✅ 完成：2024年以降のNISA | 東京スター銀行
     链接：164 | 文档：2 | 图片：0

📄 [深度 1] 爬取：https://www.tokyostarbank.co.jp/products/investment/mf_tsumitate/
  📥 加载页面...
  ⬇️ 已下载：image-10.jpg
  ⬇️ 已下载：image-9.png
  ⬇️ 已下载：image-6.jpg
  ⬇️ 已下载：image-3.jpg
  ⬇️ 已下载：image-4.jpg
  ⬇️ 已下载：image-7.jpg
  ⬇️ 已下载：image-1.jpg
  ⬇️ 已下载：image-8.jpg
  ⬇️ 已下载：image-5.jpg
  ⬇️ 已下载：image-2.jpg
  🔄 滚动页面加载动态内容...
  ✅ 页面加载完成
  📝 转换 Markdown...
  🔗 提取链接...
  📎 下载 3 个文档...
  ✅ 完成：積立買付サービス | 東京スター銀行
     链接：160 | 文档：3 | 图片：0

📄 [深度 1] 爬取：https://www.tokyostarbank.co.jp/products/investment/emaxis_slim/
  📥 加载页面...
  ⬇️ 已下载：image-6.jpg
  ⬇️ 已下载：image-2.png
  ⬇️ 已下载：image-3.png
  ⬇️ 已下载：image-1.png
  ⬇️ 已下载：image-4.png
  ⬇️ 已下载：image-5.png
  🔄 滚动页面加载动态内容...
  ✅ 页面加载完成
  📝 转换 Markdown...
  🔗 提取链接...
  📎 下载 3 个文档...
  ⬇️ 已下载：image-3.png
  ⬇️ 已下载：image-11.png
  ⬇️ 已下载：image-5.png
  ⬇️ 已下载：image-2.png
  ⬇️ 已下载：image-6.png
  ⬇️ 已下载：image-1.png
  ⬇️ 已下载：image-8.jpg
  ⬇️ 已下载：image-10.jpg
  ⬇️ 已下载：image-9.jpg
  ⬇️ 已下载：image-7.jpg
  ⬇️ 已下载：image-4.png
  ⬇️ 已下载：インターネットバンキング操作方法[PDF1.27MB]-02_mf_tsumitate_buy_new.pdf
  ✅ 完成：eMAXIS Slim（イーマクシス　スリム） | 東京スター銀行
     链接：171 | 文档：3 | 图片：0

📄 [深度 1] 爬取：https://www.tokyostarbank.co.jp/products/investment/merit/
  📥 加载页面...
  🔄 滚动页面加载动态内容...
  ✅ 页面加载完成
  📝 转换 Markdown...
  🔗 提取链接...
  📎 下载 2 个文档...
  ✅ 完成：インターネット投資信託サービスの魅力 | 東京スター銀行
     链接：162 | 文档：2 | 图片：0

📄 [深度 1] 爬取：https://www.tokyostarbank.co.jp/products/wealthnavi/
  📥 加载页面...
  ⬇️ 已下载：image-10.jpg
  ⬇️ 已下载：image-9.png
  ⬇️ 已下载：image-3.png
  ⬇️ 已下载：image-4.png
  ⬇️ 已下载：image-2.png
  ⬇️ 已下载：image-1.jpg
  ⬇️ 已下载：image-7.jpg
  ⬇️ 已下载：image-6.jpg
  ⬇️ 已下载：image-5.jpg
  ⬇️ 已下载：image-8.jpg
  🔄 滚动页面加载动态内容...
  ✅ 页面加载完成
  📝 转换 Markdown...
  🔗 提取链接...
  📎 下载 3 个文档...
  ⬇️ 已下载：image-18.png
  ⬇️ 已下载：image-17.png
  ⬇️ 已下载：image-24.png
  ⬇️ 已下载：image-19.png
  ⬇️ 已下载：image-10.jpg
  ⬇️ 已下载：image-9.jpg
  ⬇️ 已下载：image-21.jpg
  ⬇️ 已下载：image-12.jpg
  ⬇️ 已下载：image-11.jpg
  ⬇️ 已下载：こちら-WealthNavi_WhitePaper.pdf
  ✅ 完成：WealthNavi for 東京スター銀行 （ロボアドバイザー） | 東京スター銀行
     链接：162 | 文档：3 | 图片：0

📄 [深度 1] 爬取：https://www.tokyostarbank.co.jp/products/alterna/
  ⬇️ 已下载：image-22.jpg
  ⬇️ 已下载：image-2.png
  ⬇️ 已下载：image-14.png
  ⬇️ 已下载：image-13.png
  ⬇️ 已下载：image-23.jpg
  📥 加载页面...
  ⬇️ 已下载：image-8.png
  ⬇️ 已下载：image-7.png
  ⬇️ 已下载：image-20.jpg
  ⬇️ 已下载：image-16.png
  ⬇️ 已下载：image-6.jpg
  ⬇️ 已下载：image-1.png
  ⬇️ 已下载：image-5.jpg
  ⬇️ 已下载：image-4.jpg
  ⬇️ 已下载：image-15.png
  ⬇️ 已下载：image-3.jpg
  🔄 滚动页面加载动态内容...
  ✅ 页面加载完成
  📝 转换 Markdown...
  🔗 提取链接...
  📎 下载 2 个文档...
  ✅ 完成：ALTERNA（オルタナ） | 東京スター銀行
     链接：163 | 文档：2 | 图片：0

📊 爬取进度：已爬取 20 页 | 全局链接：285 个 | 文档：15 个

📈 进度报告:
   - 网页链接：270 个
   - 文档链接：15 个
   - 已下载文档：15 个


📄 [深度 1] 爬取：https://www.tokyostarbank.co.jp/products/ideco/
  📥 加载页面...
  ⬇️ 已下载：image-21.png
  ⬇️ 已下载：image-4.png
  ⬇️ 已下载：image-15.png
  ⬇️ 已下载：image-16.png
  ⬇️ 已下载：image-18.jpg
  ⬇️ 已下载：image-2.png
  ⬇️ 已下载：image-19.jpg
  ⬇️ 已下载：image-14.png
  ⬇️ 已下载：image-20.jpg
  ⬇️ 已下载：image-5.png
  ⬇️ 已下载：image-17.jpg
  ⬇️ 已下载：image-12.png
  ⬇️ 已下载：image-13.png
  ⬇️ 已下载：image-11.png
  ⬇️ 已下载：image-7.png
  ⬇️ 已下载：image-6.png
  ⬇️ 已下载：image-9.png
  ⬇️ 已下载：image-3.png
  ⬇️ 已下载：image-8.png
  ⬇️ 已下载：image-1.jpg
  ⬇️ 已下载：image-10.png
  🔄 滚动页面加载动态内容...
  ✅ 页面加载完成
  📝 转换 Markdown...
  🔗 提取链接...
  📎 下载 2 个文档...
  ✅ 完成：iDeCo（個人型確定拠出年金） | 東京スター銀行
     链接：155 | 文档：2 | 图片：0

📄 [深度 1] 爬取：https://www.tokyostarbank.co.jp/products/loan/
  📥 加载页面...
  ⬇️ 已下载：image-10.jpg
  ⬇️ 已下载：image-9.png
  ⬇️ 已下载：image-3.png
  ⬇️ 已下载：image-2.png
  ⬇️ 已下载：image-6.jpg
  ⬇️ 已下载：image-4.png
  ⬇️ 已下载：image-7.jpg
  ⬇️ 已下载：image-5.jpg
  ⬇️ 已下载：image-8.jpg
  ⬇️ 已下载：image-1.png
  🔄 滚动页面加载动态内容...
  ✅ 页面加载完成
  📝 转换 Markdown...
  🔗 提取链接...
  📎 下载 4 个文档...
  ⬇️ 已下载：image-22.png
  ⬇️ 已下载：image-1.jpg
  ⬇️ 已下载：image-16.jpg
  ⬇️ 已下载：image-6.jpg
  ⬇️ 已下载：image-10.jpg
  ⬇️ 已下载：image-9.jpg
  ⬇️ 已下载：image-20.jpg
  ⬇️ 已下载：image-12.jpg
  ⬇️ 已下载：image-19.jpg
  ⬇️ 已下载：image-15.jpg
  ⬇️ 已下载：image-4.jpg
  ⬇️ 已下载：image-18.jpg
  ⬇️ 已下载：image-13.png
  ⬇️ 已下载：image-8.jpg
  ⬇️ 已下载：image-11.jpg
  ⬇️ 已下载：image-7.jpg
  ⬇️ 已下载：image-3.jpg
  ⬇️ 已下载：image-21.jpg
  ⬇️ 已下载：image-17.jpg
  ⬇️ 已下载：image-2.jpg
  ⬇️ 已下载：image-5.jpg
  ⬇️ 已下载：image-14.png
  ⬇️ 已下载：投資用マンションローンご利用のお客さまへのお知らせ[PDF1.88MB]-orml_libor.pdf
  ⬇️ 已下载：契約終了後における契約書類等の取り扱いについて[PDF60.5KB]-after_document.pdf
  ✅ 完成：ローン商品・お金を借りる | 東京スター銀行
     链接：163 | 文档：4 | 图片：0

📄 [深度 1] 爬取：https://www.tokyostarbank.co.jp/products/loan/mortgage_collateral/
  📥 加载页面...
  🔄 滚动页面加载动态内容...
  ✅ 页面加载完成
  📝 转换 Markdown...
  🔗 提取链接...
  📎 下载 5 个文档...
  ⬇️ 已下载：image-33.svg
  ⬇️ 已下载：image-18.svg
  ⬇️ 已下载：image-42.png
  ⬇️ 已下载：image-38.png
  ⬇️ 已下载：image-21.svg
  ⬇️ 已下载：image-15.svg
  ⬇️ 已下载：image-34.svg
  ⬇️ 已下载：image-16.svg
  ⬇️ 已下载：image-17.svg
  ⬇️ 已下载：image-32.png
  ⬇️ 已下载：image-26.png
  ⬇️ 已下载：image-55.png
  ⬇️ 已下载：image-19.svg
  ⬇️ 已下载：image-7.png
  ⬇️ 已下载：image-6.png
  ⬇️ 已下载：image-4.png
  ⬇️ 已下载：image-25.png
  ⬇️ 已下载：image-44.png
  ⬇️ 已下载：image-29.png
  ⬇️ 已下载：image-1.png
  ⬇️ 已下载：image-43.png
  ⬇️ 已下载：image-12.png
  ⬇️ 已下载：image-30.png
  ⬇️ 已下载：image-36.png
  ⬇️ 已下载：image-46.png
  ⬇️ 已下载：image-20.svg
  ⬇️ 已下载：image-23.png
  ⬇️ 已下载：image-39.png
  ⬇️ 已下载：image-5.png
  ⬇️ 已下载：image-10.png
  ⬇️ 已下载：image-24.png
  ⬇️ 已下载：image-37.png
  ⬇️ 已下载：image-54.jpg
  ⬇️ 已下载：image-45.png
  ⬇️ 已下载：image-53.jpg
  ⬇️ 已下载：image-11.png
  ⬇️ 已下载：image-22.png
  ⬇️ 已下载：image-28.png
  ⬇️ 已下载：image-27.png
  ⬇️ 已下载：image-9.png
  ⬇️ 已下载：image-31.png
  ⬇️ 已下载：image-3.png
  ⬇️ 已下载：image-13.jpg
  ⬇️ 已下载：image-35.png
  ⬇️ 已下载：image-2.png
  ⬇️ 已下载：image-14.jpg
  ⬇️ 已下载：image-52.jpg
  ⬇️ 已下载：image-50.jpg
  ⬇️ 已下载：商品説明書印刷用[PDF126.3KB]-outline.pdf
  ⬇️ 已下载：image-51.png
  ⬇️ 已下载：image-48.jpg
  ⬇️ 已下载：image-8.png
  ⬇️ 已下载：image-49.jpg
  ⬇️ 已下载：image-40.png
  ⬇️ 已下载：image-41.png
  ⬇️ 已下载：パンフレット[PDF1.3MB]-panf.pdf
  ⬇️ 已下载：image-47.jpg
  ⬇️ 已下载：必要書類チェックリスト[PDF92.6KB]-sftl_checklist.pdf
  ✅ 完成：スター不動産担保ローン（家を担保にお金を借りる） | 東京スター銀行
     链接：168 | 文档：5 | 图片：0

📄 [深度 1] 爬取：https://www.tokyostarbank.co.jp/products/loan/mortgage_collateral/omatome.html
  📥 加载页面...
  🔄 滚动页面加载动态内容...
  ✅ 页面加载完成
  📝 转换 Markdown...
  🔗 提取链接...
  📎 下载 4 个文档...
  ✅ 完成：おまとめローン（スター不動産担保ローン） | 金利・融資期間・返済シミュレーション | 東京スター銀行
     链接：158 | 文档：4 | 图片：0

📄 [深度 1] 爬取：https://www.tokyostarbank.co.jp/products/loan/mortgage_collateral/overseas.html
  📥 加载页面...
  ⬇️ 已下载：image-21.png
  ⬇️ 已下载：image-12.png
  ⬇️ 已下载：image-20.png
  ⬇️ 已下载：image-5.png
  ⬇️ 已下载：image-11.png
  ⬇️ 已下载：image-14.png
  ⬇️ 已下载：image-7.png
  ⬇️ 已下载：image-10.png
  ⬇️ 已下载：image-13.png
  ⬇️ 已下载：image-16.png
  ⬇️ 已下载：image-17.png
  ⬇️ 已下载：image-9.png
  ⬇️ 已下载：image-6.png
  ⬇️ 已下载：image-18.png
  ⬇️ 已下载：image-4.jpg
  ⬇️ 已下载：image-8.png
  ⬇️ 已下载：image-19.png
  ⬇️ 已下载：image-15.png
  ⬇️ 已下载：image-2.jpg
  ⬇️ 已下载：image-3.jpg
  ⬇️ 已下载：image-1.png
  🔄 滚动页面加载动态内容...
  ✅ 页面加载完成
  📝 转换 Markdown...
  🔗 提取链接...
  📎 下载 4 个文档...
  ✅ 完成：［全世界型］海外不動産ローン（スター不動産担保ローン） | 金利・融資期間・返済シミュレーション | 東京スター銀行
     链接：157 | 文档：4 | 图片：0

📄 [深度 1] 爬取：https://www.tokyostarbank.co.jp/products/loan/mortgage_collateral/vehicle.html
  📥 加载页面...
  ⬇️ 已下载：image-6.png
  ⬇️ 已下载：image-18.png
  ⬇️ 已下载：image-4.png
  ⬇️ 已下载：image-13.png
  ⬇️ 已下载：image-16.png
  ⬇️ 已下载：image-10.png
  ⬇️ 已下载：image-14.png
  ⬇️ 已下载：image-9.png
  ⬇️ 已下载：image-12.png
  ⬇️ 已下载：image-11.png
  ⬇️ 已下载：image-7.png
  ⬇️ 已下载：image-17.png
  ⬇️ 已下载：image-15.png
  ⬇️ 已下载：image-3.png
  ⬇️ 已下载：image-5.png
  ⬇️ 已下载：image-8.png
  ⬇️ 已下载：image-2.png
  ⬇️ 已下载：image-1.jpg
  🔄 滚动页面加载动态内容...
  ✅ 页面加载完成
  📝 转换 Markdown...
  🔗 提取链接...
  📎 下载 4 个文档...
  ✅ 完成：車・船・航空機ローン（スター不動産担保ローン） | 金利・融資期間・返済シミュレーション | 東京スター銀行
     链接：158 | 文档：4 | 图片：0

📄 [深度 1] 爬取：https://www.tokyostarbank.co.jp/products/loan/mortgage_collateral/education.html
  📥 加载页面...
  ⬇️ 已下载：image-8.png
  ⬇️ 已下载：image-20.png
  ⬇️ 已下载：image-10.png
  ⬇️ 已下载：image-15.png
  ⬇️ 已下载：image-5.png
  ⬇️ 已下载：image-6.png
  ⬇️ 已下载：image-12.png
  ⬇️ 已下载：image-9.png
  ⬇️ 已下载：image-7.png
  ⬇️ 已下载：image-14.png
  ⬇️ 已下载：image-16.png
  ⬇️ 已下载：image-13.png
  ⬇️ 已下载：image-19.png
  ⬇️ 已下载：image-11.png
  ⬇️ 已下载：image-17.png
  ⬇️ 已下载：image-18.png
  ⬇️ 已下载：image-4.png
  ⬇️ 已下载：image-3.jpg
  ⬇️ 已下载：image-2.jpg
  ⬇️ 已下载：image-1.png
  🔄 滚动页面加载动态内容...
  ✅ 页面加载完成
  📝 转换 Markdown...
  🔗 提取链接...
  📎 下载 4 个文档...
  ✅ 完成：教育ローン（スター不動産担保ローン） | 金利・融資期間・返済シミュレーション | 東京スター銀行
     链接：158 | 文档：4 | 图片：0

📄 [深度 1] 爬取：https://www.tokyostarbank.co.jp/products/loan/mortgage_collateral/divorce.html
  📥 加载页面...
  ⬇️ 已下载：image-20.png
  ⬇️ 已下载：image-8.png
  ⬇️ 已下载：image-15.png
  ⬇️ 已下载：image-10.png
  ⬇️ 已下载：image-16.png
  ⬇️ 已下载：image-9.png
  ⬇️ 已下载：image-14.png
  ⬇️ 已下载：image-13.png
  ⬇️ 已下载：image-12.png
  ⬇️ 已下载：image-11.png
  ⬇️ 已下载：image-18.png
  ⬇️ 已下载：image-19.png
  ⬇️ 已下载：image-7.png
  ⬇️ 已下载：image-5.png
  ⬇️ 已下载：image-6.png
  ⬇️ 已下载：image-17.png
  ⬇️ 已下载：image-4.png
  ⬇️ 已下载：image-1.png
  ⬇️ 已下载：image-3.jpg
  ⬇️ 已下载：image-2.jpg
  🔄 滚动页面加载动态内容...
  ✅ 页面加载完成
  📝 转换 Markdown...
  🔗 提取链接...
  📎 下载 4 个文档...
  ✅ 完成：離婚関連ローン（スター不動産担保ローン） | 金利・融資期間・返済シミュレーション | 東京スター銀行
     链接：160 | 文档：4 | 图片：0

📄 [深度 1] 爬取：https://www.tokyostarbank.co.jp/products/loan/mortgage_collateral/inheritance.html
  📥 加载页面...
  ⬇️ 已下载：image-6.png
  ⬇️ 已下载：image-19.png
  ⬇️ 已下载：image-10.png
  ⬇️ 已下载：image-16.png
  ⬇️ 已下载：image-11.png
  ⬇️ 已下载：image-9.png
  ⬇️ 已下载：image-13.png
  ⬇️ 已下载：image-7.png
  ⬇️ 已下载：image-12.png
  ⬇️ 已下载：image-15.png
  ⬇️ 已下载：image-8.png
  ⬇️ 已下载：image-5.png
  ⬇️ 已下载：image-4.png
  ⬇️ 已下载：image-14.png
  ⬇️ 已下载：image-18.jpg
  ⬇️ 已下载：image-3.jpg
  ⬇️ 已下载：image-2.jpg
  ⬇️ 已下载：image-1.png
  ⬇️ 已下载：image-17.jpg
  🔄 滚动页面加载动态内容...
  ✅ 页面加载完成
  📝 转换 Markdown...
  🔗 提取链接...
  📎 下载 4 个文档...
  ✅ 完成：相続関連ローン（スター不動産担保ローン） | 金利・融資期間・返済シミュレーション | 東京スター銀行
     链接：158 | 文档：4 | 图片：0

📄 [深度 1] 爬取：https://www.tokyostarbank.co.jp/products/loan/mortgage_collateral/second_house.html
  📥 加载页面...
  ⬇️ 已下载：image-7.png
  ⬇️ 已下载：image-10.png
  ⬇️ 已下载：image-8.png
  ⬇️ 已下载：image-19.png
  ⬇️ 已下载：image-9.png
  ⬇️ 已下载：image-15.png
  ⬇️ 已下载：image-12.png
  ⬇️ 已下载：image-5.png
  ⬇️ 已下载：image-6.png
  ⬇️ 已下载：image-18.png
  ⬇️ 已下载：image-13.png
  ⬇️ 已下载：image-17.png
  ⬇️ 已下载：image-11.png
  ⬇️ 已下载：image-4.png
  ⬇️ 已下载：image-14.png
  ⬇️ 已下载：image-16.png
  ⬇️ 已下载：image-3.jpg
  ⬇️ 已下载：image-2.jpg
  ⬇️ 已下载：image-20.png
  ⬇️ 已下载：image-1.png
  🔄 滚动页面加载动态内容...
  ✅ 页面加载完成
  📝 转换 Markdown...
  🔗 提取链接...
  📎 下载 4 个文档...
  ✅ 完成：セカンドハウス・別荘ローン（スター不動産担保ローン） | 東京スター銀行
     链接：158 | 文档：4 | 图片：0

📄 [深度 1] 爬取：https://www.tokyostarbank.co.jp/products/loan/homeloan/homeloan_starone/
  📥 加载页面...
  ⬇️ 已下载：image-8.png
  ⬇️ 已下载：image-6.png
  ⬇️ 已下载：image-5.png
  ⬇️ 已下载：image-20.png
  ⬇️ 已下载：image-14.png
  ⬇️ 已下载：image-15.png
  ⬇️ 已下载：image-4.png
  ⬇️ 已下载：image-21.png
  ⬇️ 已下载：image-19.png
  ⬇️ 已下载：image-16.png
  ⬇️ 已下载：image-13.png
  ⬇️ 已下载：image-9.png
  ⬇️ 已下载：image-24.png
  ⬇️ 已下载：image-12.png
  ⬇️ 已下载：image-22.png
  ⬇️ 已下载：image-26.png
  ⬇️ 已下载：image-10.png
  ⬇️ 已下载：image-11.png
  ⬇️ 已下载：image-17.png
  ⬇️ 已下载：image-7.png
  ⬇️ 已下载：image-18.png
  ⬇️ 已下载：image-25.png
  ⬇️ 已下载：image-23.png
  ⬇️ 已下载：image-2.jpg
  ⬇️ 已下载：image-3.jpg
  ⬇️ 已下载：image-1.png
  🔄 滚动页面加载动态内容...
  ✅ 页面加载完成
  📝 转换 Markdown...
  🔗 提取链接...
  📎 下载 4 个文档...
  ⬇️ 已下载：image-23.png
  ⬇️ 已下载：image-12.svg
  ⬇️ 已下载：image-13.svg
  ⬇️ 已下载：image-16.png
  ⬇️ 已下载：image-28.png
  ⬇️ 已下载：image-4.png
  ⬇️ 已下载：image-14.svg
  ⬇️ 已下载：image-9.png
  ⬇️ 已下载：image-26.png
  ⬇️ 已下载：image-34.png
  ⬇️ 已下载：image-5.png
  ⬇️ 已下载：image-11.svg
  ⬇️ 已下载：image-17.png
  ⬇️ 已下载：image-15.svg
  ⚠️ 下载失败：Request failed with status code 502
  ⬇️ 已下载：image-21.png
  ⬇️ 已下载：image-8.png
  ⬇️ 已下载：image-3.png
  ⬇️ 已下载：image-10.png
  ⬇️ 已下载：image-30.jpg
  ⬇️ 已下载：image-2.png
  ⬇️ 已下载：image-18.png
  ⬇️ 已下载：image-20.png
  ⬇️ 已下载：image-19.png
  ⬇️ 已下载：image-22.png
  ⬇️ 已下载：image-25.png
  ⬇️ 已下载：image-7.png
  ⬇️ 已下载：image-6.png
  ⬇️ 已下载：image-24.png
  ⬇️ 已下载：image-33.jpg
  ⬇️ 已下载：image-27.png
  ⬇️ 已下载：image-29.jpg
  ⬇️ 已下载：image-36.jpg
  ⬇️ 已下载：image-35.jpg
  ⬇️ 已下载：商品説明書印刷用[PDF168.3KB]-outline.pdf
  ⬇️ 已下载：image-31.jpg
  ⬇️ 已下载：image-32.jpg
  ⬇️ 已下载：スターワン外貨普通預金（特別金利）について[PDF1,079KB]-special_interest_rate.pdf
  ✅ 完成：預金連動型スターワン住宅ローン | 東京スター銀行
     链接：168 | 文档：4 | 图片：0

📄 [深度 1] 爬取：https://www.tokyostarbank.co.jp/products/loan/homeloan/homeloan_select/
  📥 加载页面...
  🔄 滚动页面加载动态内容...
  ✅ 页面加载完成
  📝 转换 Markdown...
  🔗 提取链接...
  📎 下载 5 个文档...
  ⬇️ 已下载：image-14.svg
  ⬇️ 已下载：image-11.svg
  ⬇️ 已下载：image-8.png
  ⬇️ 已下载：image-35.png
  ⬇️ 已下载：image-10.png
  ⬇️ 已下载：image-7.png
  ⬇️ 已下载：image-31.jpg
  ⬇️ 已下载：image-4.png
  ⬇️ 已下载：image-13.svg
  ⬇️ 已下载：image-21.png
  ⬇️ 已下载：image-22.png
  ⬇️ 已下载：image-17.png
  ⬇️ 已下载：image-3.png
  ⬇️ 已下载：image-34.png
  ⬇️ 已下载：image-23.png
  ⬇️ 已下载：image-28.jpg
  ⬇️ 已下载：image-2.png
  ⬇️ 已下载：image-20.png
  ⬇️ 已下载：image-16.png
  ⬇️ 已下载：image-26.png
  ⬇️ 已下载：image-6.png
  ⬇️ 已下载：image-5.png
  ⬇️ 已下载：image-18.png
  ⬇️ 已下载：image-12.svg
  ⬇️ 已下载：image-25.png
  ⬇️ 已下载：image-1.png
  ⬇️ 已下载：image-9.png
  ⬇️ 已下载：image-33.jpg
  ⬇️ 已下载：image-15.png
  ⬇️ 已下载：image-29.jpg
  ⬇️ 已下载：image-19.png
  ⬇️ 已下载：image-24.png
  ⬇️ 已下载：image-32.png
  ⬇️ 已下载：image-30.jpg
  ⬇️ 已下载：image-27.jpg
  ⬇️ 已下载：商品説明書印刷用[PDF147.4KB]-outline.pdf
  ⬇️ 已下载：パンフレット[PDF1.1MB]-ssl_pamphlet.pdf
  ⬇️ 已下载：必要書類チェックリスト[PDF475.5KB]-starselect_checklist.pdf
  ✅ 完成：スターセレクト住宅ローン | 東京スター銀行
     链接：164 | 文档：5 | 图片：0

📄 [深度 1] 爬取：https://www.tokyostarbank.co.jp/products/loan/homeloan/homeloan_star/
  📥 加载页面...
  🔄 滚动页面加载动态内容...
  ✅ 页面加载完成
  📝 转换 Markdown...
  🔗 提取链接...
  📎 下载 5 个文档...
  ⬇️ 已下载：image-2.png
  ⬇️ 已下载：image-9.png
  ⬇️ 已下载：image-4.png
  ⬇️ 已下载：image-11.svg
  ⬇️ 已下载：image-24.svg
  ⬇️ 已下载：image-20.svg
  ⬇️ 已下载：image-5.png
  ⬇️ 已下载：image-23.png
  ⬇️ 已下载：image-15.png
  ⬇️ 已下载：image-3.png
  ⬇️ 已下载：image-12.svg
  ⬇️ 已下载：image-17.svg
  ⬇️ 已下载：image-36.png
  ⬇️ 已下载：image-28.png
  ⬇️ 已下载：image-22.png
  ⬇️ 已下载：image-14.svg
  ⬇️ 已下载：image-16.png
  ⬇️ 已下载：image-6.png
  ⬇️ 已下载：image-13.svg
  ⬇️ 已下载：image-7.png
  ⬇️ 已下载：image-1.png
  ⬇️ 已下载：image-19.svg
  ⬇️ 已下载：image-26.png
  ⬇️ 已下载：image-21.png
  ⬇️ 已下载：image-8.png
  ⬇️ 已下载：image-10.png
  ⬇️ 已下载：image-18.svg
  ⬇️ 已下载：image-25.png
  ⬇️ 已下载：image-29.png
  ⬇️ 已下载：image-27.png
  ⬇️ 已下载：image-33.jpg
  ⬇️ 已下载：image-34.png
  ⬇️ 已下载：image-32.jpg
  ⬇️ 已下载：image-31.jpg
  ⬇️ 已下载：image-30.jpg
  ⬇️ 已下载：商品説明書印刷用[PDF151.8KB]-outline.pdf
  ⬇️ 已下载：image-35.jpg
  ⬇️ 已下载：パンフレット[PDF960KB]-sml_pamphlet.pdf
  ⬇️ 已下载：必要書類チェックリスト[PDF96KB]-starone_checklist.pdf
  ✅ 完成：スター住宅ローン（永住権のない外国籍の方向け） | 東京スター銀行
     链接：161 | 文档：5 | 图片：0

📄 [深度 1] 爬取：https://www.tokyostarbank.co.jp/products/loan/reverse_mortgage/
  📥 加载页面...
  🔄 滚动页面加载动态内容...
  ✅ 页面加载完成
  📝 转换 Markdown...
  🔗 提取链接...
  📎 下载 7 个文档...
  ⬇️ 已下载：image-52.png
  ⬇️ 已下载：image-6.png
  ⬇️ 已下载：image-43.png
  ⬇️ 已下载：image-9.png
  ⬇️ 已下载：image-10.png
  ⬇️ 已下载：image-28.png
  ⬇️ 已下载：image-5.png
  ⬇️ 已下载：image-22.png
  ⬇️ 已下载：image-39.png
  ⬇️ 已下载：image-26.png
  ⬇️ 已下载：image-16.png
  ⬇️ 已下载：image-46.svg
  ⬇️ 已下载：image-4.png
  ⬇️ 已下载：image-35.png
  ⬇️ 已下载：image-37.png
  ⬇️ 已下载：image-25.png
  ⬇️ 已下载：image-45.svg
  ⬇️ 已下载：image-27.png
  ⬇️ 已下载：image-49.svg
  ⬇️ 已下载：image-44.svg
  ⬇️ 已下载：image-48.png
  ⬇️ 已下载：image-3.png
  ⬇️ 已下载：image-19.png
  ⬇️ 已下载：image-40.png
  ⬇️ 已下载：image-21.png
  ⬇️ 已下载：image-42.png
  ⬇️ 已下载：image-32.png
  ⬇️ 已下载：image-12.png
  ⬇️ 已下载：image-23.png
  ⬇️ 已下载：image-24.png
  ⬇️ 已下载：image-41.png
  ⬇️ 已下载：image-30.png
  ⬇️ 已下载：image-8.png
  ⬇️ 已下载：image-13.png
  ⬇️ 已下载：image-7.png
  ⬇️ 已下载：image-11.png
  ⬇️ 已下载：image-14.png
  ⬇️ 已下载：image-31.png
  ⬇️ 已下载：image-36.png
  ⬇️ 已下载：image-33.png
  ⬇️ 已下载：image-47.svg
  ⬇️ 已下载：image-20.png
  ⬇️ 已下载：image-2.png
  ⬇️ 已下载：image-17.png
  ⬇️ 已下载：image-15.png
  ⬇️ 已下载：image-38.png
  ⬇️ 已下载：image-29.png
  ⬇️ 已下载：image-34.png
  ⬇️ 已下载：image-1.png
  ⬇️ 已下载：image-18.png
  ⬇️ 已下载：image-51.jpg
  ⬇️ 已下载：image-50.jpg
  ⬇️ 已下载：はじめての充実人生ガイドブック[PDF2.2MB]-jyujitsu_guidebook.pdf
  ⬇️ 已下载：商品説明書印刷用[PDF157.3KB]-outline.pdf
  ⬇️ 已下载：必要書類チェックリスト[PDF97.9KB]-jyujitsu_checklist.pdf
  ⬇️ 已下载：商品説明書印刷用[PDF172.9KB]-outline_ganka.pdf
  ⬇️ 已下载：必要書類チェックリスト[PDF97.6KB]-jyujitsu_checklist_ganka.pdf
  ✅ 完成：リバースモーゲージ| 東京スター銀行
     链接：161 | 文档：7 | 图片：0

📄 [深度 1] 爬取：https://www.tokyostarbank.co.jp/products/loan/unsecured_refinance/
  📥 加载页面...
  🔄 滚动页面加载动态内容...
  ✅ 页面加载完成
  📝 转换 Markdown...
  🔗 提取链接...
  📎 下载 5 个文档...
  ⬇️ 已下载：image-16.png
  ⬇️ 已下载：image-20.png
  ⬇️ 已下载：image-8.webp
  ⬇️ 已下载：image-4.webp
  ⬇️ 已下载：image-10.webp
  ⬇️ 已下载：image-5.webp
  ⬇️ 已下载：image-3.webp
  ⬇️ 已下载：image-17.png
  ⬇️ 已下载：image-13.png
  ⬇️ 已下载：image-11.webp
  ⬇️ 已下载：image-15.png
  ⬇️ 已下载：image-33.png
  ⬇️ 已下载：image-18.png
  ⬇️ 已下载：image-24.png
  ⬇️ 已下载：image-7.webp
  ⬇️ 已下载：image-35.png
  ⬇️ 已下载：image-23.png
  ⬇️ 已下载：image-36.png
  ⬇️ 已下载：image-27.png
  ⬇️ 已下载：image-14.png
  ⬇️ 已下载：image-1.webp
  ⬇️ 已下载：image-28.png
  ⬇️ 已下载：image-9.webp
  ⬇️ 已下载：image-25.png
  ⬇️ 已下载：image-31.png
  ⬇️ 已下载：image-43.jpg
  ⬇️ 已下载：image-2.webp
  ⬇️ 已下载：image-19.png
  ⬇️ 已下载：image-6.webp
  ⬇️ 已下载：image-30.png
  ⬇️ 已下载：image-21.png
  ⬇️ 已下载：image-29.png
  ⬇️ 已下载：image-22.png
  ⬇️ 已下载：image-26.png
  ⬇️ 已下载：image-12.webp
  ⬇️ 已下载：image-32.png
  ⬇️ 已下载：image-42.png
  ⬇️ 已下载：image-34.png
  ⬇️ 已下载：image-41.png
  ⬇️ 已下载：image-39.jpg
  ⬇️ 已下载：image-37.jpg
  ⬇️ 已下载：image-40.jpg
  ⬇️ 已下载：image-38.jpg
  ⬇️ 已下载：一部繰上返済（期間短縮型）[PDF983.8KB]-03_partialpay_stype.pdf
  ⬇️ 已下载：一部繰上返済（返済額軽減型）[PDF991KB]-03_partialpay_rtype.pdf
  ⬇️ 已下载：全額繰上返済[PDF858.9KB]-03_fullpay.pdf
  ✅ 完成：おまとめローン（スターワン乗り換えローン） | 東京スター銀行
     链接：164 | 文档：5 | 图片：0

📄 [深度 1] 爬取：https://www.tokyostarbank.co.jp/products/loan/cardloan/
  📥 加载页面...
  🔄 滚动页面加载动态内容...
  ✅ 页面加载完成
  📝 转换 Markdown...
  🔗 提取链接...
  📎 下载 2 个文档...
  ✅ 完成：カードローン（スターカードローンα） | 東京スター銀行
     链接：169 | 文档：2 | 图片：0

📄 [深度 1] 爬取：https://www.tokyostarbank.co.jp/products/loan/free/
  📥 加载页面...
  ⬇️ 已下载：image-24.png
  ⬇️ 已下载：image-18.png
  ⬇️ 已下载：image-15.png
  ⬇️ 已下载：image-23.png
  ⬇️ 已下载：image-5.png
  ⬇️ 已下载：image-7.png
  ⬇️ 已下载：image-10.png
  ⬇️ 已下载：image-6.png
  ⬇️ 已下载：image-19.png
  ⬇️ 已下载：image-42.png
  ⬇️ 已下载：image-36.png
  ⬇️ 已下载：image-29.png
  ⬇️ 已下载：image-9.png
  ⬇️ 已下载：image-30.png
  ⬇️ 已下载：image-4.png
  ⬇️ 已下载：image-22.png
  ⬇️ 已下载：image-25.png
  ⬇️ 已下载：image-11.png
  ⬇️ 已下载：image-27.png
  ⬇️ 已下载：image-26.png
  ⬇️ 已下载：image-21.png
  ⬇️ 已下载：image-3.png
  ⬇️ 已下载：image-20.png
  ⬇️ 已下载：image-2.png
  ⬇️ 已下载：image-13.png
  ⬇️ 已下载：image-32.jpg
  ⬇️ 已下载：image-28.png
  ⬇️ 已下载：image-12.png
  ⬇️ 已下载：image-33.jpg
  ⬇️ 已下载：image-40.jpg
  ⬇️ 已下载：image-38.jpg
  ⬇️ 已下载：image-17.png
  ⬇️ 已下载：image-37.jpg
  ⬇️ 已下载：image-31.jpg
  ⬇️ 已下载：image-8.png
  ⬇️ 已下载：image-35.png
  ⬇️ 已下载：image-39.jpg
  ⬇️ 已下载：image-41.jpg
  ⬇️ 已下载：image-1.png
  ⬇️ 已下载：image-14.jpg
  ⬇️ 已下载：image-16.jpg
  ⬇️ 已下载：image-34.jpg
  🔄 滚动页面加载动态内容...
  ✅ 页面加载完成
  📝 转换 Markdown...
  🔗 提取链接...
  📎 下载 5 个文档...
  ⬇️ 已下载：image-18.png
  ⬇️ 已下载：image-16.png
  ⬇️ 已下载：image-19.png
  ⬇️ 已下载：image-17.png
  ⬇️ 已下载：image-13.png
  ⬇️ 已下载：image-15.png
  ⬇️ 已下载：image-5.png
  ⬇️ 已下载：image-9.png
  ⬇️ 已下载：image-6.png
  ⬇️ 已下载：image-25.png
  ⬇️ 已下载：image-4.png
  ⬇️ 已下载：image-23.png
  ⬇️ 已下载：image-11.png
  ⬇️ 已下载：image-12.png
  ⬇️ 已下载：image-8.png
  ⬇️ 已下载：image-3.png
  ⬇️ 已下载：image-37.png
  ⬇️ 已下载：image-7.png
  ⬇️ 已下载：image-30.jpg
  ⬇️ 已下载：image-32.jpg
  ⬇️ 已下载：image-2.png
  ⬇️ 已下载：image-10.png
  ⬇️ 已下载：image-14.png
  ⬇️ 已下载：image-24.png
  ⬇️ 已下载：image-22.png
  ⬇️ 已下载：image-34.jpg
  ⬇️ 已下载：image-1.jpg
  ⬇️ 已下载：image-33.jpg
  ⬇️ 已下载：image-36.jpg
  ⬇️ 已下载：image-26.png
  ⬇️ 已下载：image-29.jpg
  ⬇️ 已下载：image-27.png
  ⬇️ 已下载：image-21.jpg
  ⬇️ 已下载：image-35.jpg
  ⬇️ 已下载：image-31.jpg
  ⬇️ 已下载：image-28.jpg
  ⬇️ 已下载：image-20.jpg
  ⬇️ 已下载：ローン振込先登録の方法（PC版）[PDF977KB]-03_loan_furikomisaki.pdf
  ⬇️ 已下载：ローン振込先登録の方法（スマホ版）[PDF2.2MB]-03_loan_furikomisaki_sp.pdf
  ⬇️ 已下载：お借り入れ先の確認メモはこちら[PDF669.7KB]-lender_memo.pdf
  ✅ 完成：フリーローン（スターフリーローン） | 東京スター銀行
     链接：166 | 文档：5 | 图片：0

📄 [深度 1] 爬取：https://www.tokyostarbank.co.jp/products/loan/unsecured/mycar/
  📥 加载页面...
  🔄 滚动页面加载动态内容...
  ✅ 页面加载完成
  📝 转换 Markdown...
  🔗 提取链接...
  📎 下载 5 个文档...
  ✅ 完成：マイカーローン（スターマイカーローン） | 東京スター銀行
     链接：167 | 文档：5 | 图片：0

📄 [深度 1] 爬取：https://www.tokyostarbank.co.jp/products/loan/unsecured/education/
  📥 加载页面...
  ⬇️ 已下载：image-9.png
  ⬇️ 已下载：image-8.png
  ⬇️ 已下载：image-27.png
  ⬇️ 已下载：image-6.png
  ⬇️ 已下载：image-7.png
  ⬇️ 已下载：image-2.png
  ⬇️ 已下载：image-13.png
  ⬇️ 已下载：image-5.png
  ⬇️ 已下载：image-15.png
  ⬇️ 已下载：image-4.png
  ⬇️ 已下载：image-12.png
  ⬇️ 已下载：image-26.jpg
  ⬇️ 已下载：image-14.png
  ⬇️ 已下载：image-3.png
  ⬇️ 已下载：image-16.png
  ⬇️ 已下载：image-25.jpg
  ⬇️ 已下载：image-20.jpg
  ⬇️ 已下载：image-19.jpg
  ⬇️ 已下载：image-11.jpg
  ⬇️ 已下载：image-23.jpg
  ⬇️ 已下载：image-17.png
  ⬇️ 已下载：image-21.jpg
  ⬇️ 已下载：image-24.jpg
  ⬇️ 已下载：image-1.jpg
  ⬇️ 已下载：image-10.jpg
  ⬇️ 已下载：image-22.png
  ⬇️ 已下载：image-18.jpg
  🔄 滚动页面加载动态内容...
  ✅ 页面加载完成
  📝 转换 Markdown...
  🔗 提取链接...
  📎 下载 5 个文档...
  ✅ 完成：教育ローン（スター教育ローン） | 東京スター銀行
     链接：167 | 文档：5 | 图片：0

📄 [深度 1] 爬取：https://www.tokyostarbank.co.jp/products/loan/unsecured/reform/
  📥 加载页面...
  ⬇️ 已下载：image-8.png
  ⬇️ 已下载：image-27.png
  ⬇️ 已下载：image-2.png
  ⬇️ 已下载：image-9.png
  ⬇️ 已下载：image-7.png
  ⬇️ 已下载：image-14.png
  ⬇️ 已下载：image-6.png
  ⬇️ 已下载：image-3.png
  ⬇️ 已下载：image-15.png
  ⬇️ 已下载：image-16.png
  ⬇️ 已下载：image-23.jpg
  ⬇️ 已下载：image-17.png
  ⬇️ 已下载：image-4.png
  ⬇️ 已下载：image-19.jpg
  ⬇️ 已下载：image-13.png
  ⬇️ 已下载：image-26.jpg
  ⬇️ 已下载：image-5.png
  ⬇️ 已下载：image-20.jpg
  ⬇️ 已下载：image-12.png
  ⬇️ 已下载：image-25.jpg
  ⬇️ 已下载：image-24.jpg
  ⬇️ 已下载：image-1.jpg
  ⬇️ 已下载：image-21.jpg
  ⬇️ 已下载：image-11.jpg
  ⬇️ 已下载：image-22.png
  ⬇️ 已下载：image-10.jpg
  ⬇️ 已下载：image-18.jpg
  🔄 滚动页面加载动态内容...
  ✅ 页面加载完成
  📝 转换 Markdown...
  🔗 提取链接...
  📎 下载 5 个文档...
  ✅ 完成：リフォームローン（スターリフォームローン） | 東京スター銀行
     链接：167 | 文档：5 | 图片：0

📊 爬取进度：已爬取 40 页 | 全局链接：405 个 | 文档：39 个

📈 进度报告:
   - 网页链接：366 个
   - 文档链接：39 个
   - 已下载文档：39 个


📄 [深度 1] 爬取：https://www.tokyostarbank.co.jp/products/loan/fertility/
  📥 加载页面...
  ⬇️ 已下载：image-7.png
  ⬇️ 已下载：image-6.png
  ⬇️ 已下载：image-9.png
  ⬇️ 已下载：image-27.png
  ⬇️ 已下载：image-2.png
  ⬇️ 已下载：image-13.png
  ⬇️ 已下载：image-8.png
  ⬇️ 已下载：image-3.png
  ⬇️ 已下载：image-14.png
  ⬇️ 已下载：image-17.png
  ⬇️ 已下载：image-12.png
  ⬇️ 已下载：image-15.png
  ⬇️ 已下载：image-16.png
  ⬇️ 已下载：image-4.png
  ⬇️ 已下载：image-25.jpg
  ⬇️ 已下载：image-26.jpg
  ⬇️ 已下载：image-5.png
  ⬇️ 已下载：image-19.jpg
  ⬇️ 已下载：image-11.jpg
  ⬇️ 已下载：image-23.jpg
  ⬇️ 已下载：image-1.jpg
  ⬇️ 已下载：image-24.jpg
  ⬇️ 已下载：image-18.jpg
  ⬇️ 已下载：image-21.jpg
  ⬇️ 已下载：image-20.jpg
  ⬇️ 已下载：image-22.png
  ⬇️ 已下载：image-10.jpg
  🔄 滚动页面加载动态内容...
  ✅ 页面加载完成
  📝 转换 Markdown...
  🔗 提取链接...
  📎 下载 4 个文档...
  ⬇️ 已下载：image-4.png
  ⬇️ 已下载：image-10.png
  ⬇️ 已下载：image-2.png
  ⬇️ 已下载：image-23.png
  ⬇️ 已下载：image-12.png
  ⬇️ 已下载：image-7.gif
  ⬇️ 已下载：image-5.png
  ⬇️ 已下载：image-13.png
  ⬇️ 已下载：image-14.png
  ⬇️ 已下载：image-6.png
  ⬇️ 已下载：image-9.png
  ⬇️ 已下载：image-8.png
  ⬇️ 已下载：image-18.jpg
  ⬇️ 已下载：image-11.png
  ⬇️ 已下载：image-16.png
  ⬇️ 已下载：image-3.png
  ⬇️ 已下载：image-15.png
  ⬇️ 已下载：image-22.jpg
  ⬇️ 已下载：image-20.jpg
  ⬇️ 已下载：image-1.png
  ⬇️ 已下载：image-21.png
  ⬇️ 已下载：image-19.jpg
  ⬇️ 已下载：image-17.jpg
  ⬇️ 已下载：お借り入れの操作方法[PDF851KB]-03_tsuika_kariire.pdf
  ⬇️ 已下载：必要書類について[PDF1.1MB]-checklist.pdf
  ✅ 完成：スターワンバンクローン（不妊治療サポートタイプ） | 東京スター銀行
     链接：162 | 文档：4 | 图片：0

📄 [深度 1] 爬取：https://www.tokyostarbank.co.jp/products/loan/doctors/
  📥 加载页面...
  🔄 滚动页面加载动态内容...
  ✅ 页面加载完成
  📝 转换 Markdown...
  🔗 提取链接...
  📎 下载 2 个文档...
  ✅ 完成：スターワンドクターズローン | 東京スター銀行
     链接：158 | 文档：2 | 图片：0

📄 [深度 1] 爬取：https://www.tokyostarbank.co.jp/products/prepare/
  📥 加载页面...
  ⬇️ 已下载：image-24.png
  ⬇️ 已下载：image-31.png
  ⬇️ 已下载：image-32.png
  ⬇️ 已下载：image-9.png
  ⬇️ 已下载：image-18.png
  ⬇️ 已下载：image-29.png
  ⬇️ 已下载：image-47.png
  ⬇️ 已下载：image-11.png
  ⬇️ 已下载：image-33.png
  ⬇️ 已下载：image-7.png
  ⬇️ 已下载：image-12.png
  ⬇️ 已下载：image-4.png
  ⬇️ 已下载：image-37.jpg
  ⬇️ 已下载：image-22.png
  ⬇️ 已下载：image-42.jpg
  ⬇️ 已下载：image-30.png
  ⬇️ 已下载：image-8.png
  ⬇️ 已下载：image-35.png
  ⬇️ 已下载：image-1.png
  ⬇️ 已下载：image-16.png
  ⬇️ 已下载：image-25.png
  ⬇️ 已下载：image-26.png
  ⬇️ 已下载：image-21.png
  ⬇️ 已下载：image-2.png
  ⬇️ 已下载：image-20.png
  ⬇️ 已下载：image-17.png
  ⬇️ 已下载：image-27.png
  ⬇️ 已下载：image-6.png
  ⬇️ 已下载：image-45.jpg
  ⬇️ 已下载：image-28.png
  ⬇️ 已下载：image-13.png
  ⬇️ 已下载：image-41.png
  ⬇️ 已下载：image-5.png
  ⬇️ 已下载：image-14.png
  ⬇️ 已下载：image-10.png
  ⬇️ 已下载：image-23.png
  ⬇️ 已下载：image-34.png
  ⬇️ 已下载：image-15.png
  ⬇️ 已下载：image-38.jpg
  ⬇️ 已下载：image-19.png
  ⬇️ 已下载：image-44.jpg
  ⬇️ 已下载：image-43.jpg
  ⬇️ 已下载：image-46.jpg
  ⬇️ 已下载：image-3.png
  ⬇️ 已下载：image-36.jpg
  ⬇️ 已下载：image-40.png
  ⬇️ 已下载：image-39.jpg
  🔄 滚动页面加载动态内容...
  ✅ 页面加载完成
  📝 转换 Markdown...
  🔗 提取链接...
  📎 下载 2 个文档...
  ✅ 完成：保険商品 | 東京スター銀行
     链接：195 | 文档：2 | 图片：0

📄 [深度 1] 爬取：https://www.tokyostarbank.co.jp/products/trust_contract/
  📥 加载页面...
  ⬇️ 已下载：image-3.jpg
  ⬇️ 已下载：image-2.png
  ⬇️ 已下载：image-1.png
  🔄 滚动页面加载动态内容...
  ✅ 页面加载完成
  📝 转换 Markdown...
  🔗 提取链接...
  📎 下载 2 个文档...
  ✅ 完成：相続・遺言・信託に関するご相談 | 東京スター銀行
     链接：153 | 文档：2 | 图片：0

📄 [深度 1] 爬取：https://www.tokyostarbank.co.jp/products/deposit/savings/yen/
  📥 加载页面...
  ⬇️ 已下载：image-7.jpg
  ⬇️ 已下载：image-6.png
  ⬇️ 已下载：image-3.png
  ⬇️ 已下载：image-2.png
  ⬇️ 已下载：image-5.png
  ⬇️ 已下载：image-4.png
  ⬇️ 已下载：image-1.jpg
  🔄 滚动页面加载动态内容...
  ✅ 页面加载完成
  📝 转换 Markdown...
  🔗 提取链接...
  📎 下载 3 个文档...
  ⬇️ 已下载：image-15.jpg
  ⬇️ 已下载：image-14.png
  ⬇️ 已下载：image-4.png
  ⬇️ 已下载：image-3.png
  ⬇️ 已下载：image-5.png
  ⬇️ 已下载：image-2.png
  ⬇️ 已下载：image-7.jpg
  ⬇️ 已下载：image-11.png
  ⬇️ 已下载：image-1.jpg
  ⬇️ 已下载：image-8.jpg
  ⬇️ 已下载：image-9.jpg
  ⬇️ 已下载：image-12.jpg
  ⬇️ 已下载：image-6.jpg
  ⬇️ 已下载：image-13.jpg
  ⬇️ 已下载：商品説明書[PDF78KB]-savings_yen_manual.pdf
  ✅ 完成：スターワン円普通預金 | 東京スター銀行
     链接：175 | 文档：3 | 图片：0

📄 [深度 1] 爬取：https://www.tokyostarbank.co.jp/products/deposit/savings/payment/
  ⬇️ 已下载：image-10.jpg
  📥 加载页面...
  🔄 滚动页面加载动态内容...
  ✅ 页面加载完成
  📝 转换 Markdown...
  🔗 提取链接...
  📎 下载 4 个文档...
  ⬇️ 已下载：image-13.jpg
  ⬇️ 已下载：image-12.png
  ⬇️ 已下载：image-11.png
  ⬇️ 已下载：image-2.png
  ⬇️ 已下载：image-4.png
  ⬇️ 已下载：image-5.png
  ⬇️ 已下载：image-1.jpg
  ⬇️ 已下载：image-7.jpg
  ⬇️ 已下载：image-8.jpg
  ⬇️ 已下载：image-10.jpg
  ⬇️ 已下载：image-6.jpg
  ⬇️ 已下载：image-3.png
  ⬇️ 已下载：image-9.jpg
  ⬇️ 已下载：商品説明書[PDF55.1KB]-savings_payment_manual.pdf
  ⬇️ 已下载：普通預金［決済用］規定[PDF241.1KB]-rules04_savings_kessaiyo.pdf
  ✅ 完成：(円)普通預金[決済用] | 東京スター銀行
     链接：171 | 文档：4 | 图片：0

📄 [深度 1] 爬取：https://www.tokyostarbank.co.jp/products/deposit/guardianship/
  📥 加载页面...
  🔄 滚动页面加载动态内容...
  ✅ 页面加载完成
  📝 转换 Markdown...
  🔗 提取链接...
  📎 下载 4 个文档...
  ⬇️ 已下载：image-6.jpg
  ⬇️ 已下载：image-5.png
  ⬇️ 已下载：image-3.png
  ⬇️ 已下载：image-4.png
  ⬇️ 已下载：image-2.png
  ⬇️ 已下载：image-1.jpg
  ⬇️ 已下载：後見制度支援預金特約のご案内[PDF302KB]-outline.pdf
  ⬇️ 已下载：後見制度支援預金特約規定[PDF287KB]-kitei.pdf
  ✅ 完成：後見制度支援預金特約のご案内 | 東京スター銀行
     链接：154 | 文档：4 | 图片：0

📄 [深度 1] 爬取：https://www.tokyostarbank.co.jp/products/deposit/savings/1week/
  📥 加载页面...
  🔄 滚动页面加载动态内容...
  ✅ 页面加载完成
  📝 转换 Markdown...
  🔗 提取链接...
  📎 下载 3 个文档...
  ⬇️ 已下载：image-14.jpg
  ⬇️ 已下载：image-13.png
  ⬇️ 已下载：image-11.png
  ⬇️ 已下载：image-7.jpg
  ⬇️ 已下载：image-2.png
  ⬇️ 已下载：image-8.jpg
  ⬇️ 已下载：image-12.jpg
  ⬇️ 已下载：image-9.jpg
  ⬇️ 已下载：image-6.jpg
  ⬇️ 已下载：image-4.png
  ⬇️ 已下载：image-5.png
  ⬇️ 已下载：image-3.png
  ⬇️ 已下载：image-1.png
  ⬇️ 已下载：image-10.png
  ⬇️ 已下载：商品説明書[PDF157KB]-outline.pdf
  ✅ 完成：スターワン1週間円預金 | 東京スター銀行
     链接：172 | 文档：3 | 图片：0

📄 [深度 1] 爬取：https://www.tokyostarbank.co.jp/products/deposit/term/enteiki_plus/
  📥 加载页面...
  🔄 滚动页面加载动态内容...
  ✅ 页面加载完成
  📝 转换 Markdown...
  🔗 提取链接...
  📎 下载 3 个文档...
  ⬇️ 已下载：image-7.gif
  ⬇️ 已下载：image-2.gif
  ⬇️ 已下载：image-6.gif
  ⬇️ 已下载：image-8.gif
  ⬇️ 已下载：image-9.gif
  ⬇️ 已下载：image-5.png
  ⬇️ 已下载：image-10.png
  ⬇️ 已下载：image-4.png
  ⬇️ 已下载：image-3.png
  ⬇️ 已下载：image-1.png
  ⬇️ 已下载：商品説明書[PDF428KB]-enteiki_plus_manual.pdf
  ✅ 完成：スターワン円定期預金プラス | 東京スター銀行
     链接：168 | 文档：3 | 图片：0

📄 [深度 1] 爬取：https://www.tokyostarbank.co.jp/products/deposit/term/souzoku_plan/
  📥 加载页面...
  🔄 滚动页面加载动态内容...
  ✅ 页面加载完成
  📝 转换 Markdown...
  🔗 提取链接...
  📎 下载 3 个文档...
  ⬇️ 已下载：image-13.jpg
  ⬇️ 已下载：image-9.png
  ⬇️ 已下载：image-2.png
  ⬇️ 已下载：image-12.png
  ⬇️ 已下载：image-4.png
  ⬇️ 已下载：image-11.png
  ⬇️ 已下载：image-3.png
  ⬇️ 已下载：image-6.jpg
  ⬇️ 已下载：image-10.png
  ⬇️ 已下载：image-7.jpg
  ⬇️ 已下载：image-8.jpg
  ⬇️ 已下载：image-5.jpg
  ⬇️ 已下载：image-1.jpg
  ⬇️ 已下载：商品説明書[PDF270KB]-outline.pdf
  ✅ 完成：相続資金専用　スターワン円定期預金 | 東京スター銀行
     链接：174 | 文档：3 | 图片：0

📄 [深度 1] 爬取：https://www.tokyostarbank.co.jp/products/deposit/term/taishokukin_plan/
  📥 加载页面...
  🔄 滚动页面加载动态内容...
  ✅ 页面加载完成
  📝 转换 Markdown...
  🔗 提取链接...
  📎 下载 4 个文档...
  ⬇️ 已下载：image-17.png
  ⬇️ 已下载：image-4.png
  ⬇️ 已下载：image-2.png
  ⬇️ 已下载：image-15.png
  ⬇️ 已下载：image-3.png
  ⬇️ 已下载：image-6.png
  ⬇️ 已下载：image-5.png
  ⬇️ 已下载：image-7.png
  ⬇️ 已下载：image-9.png
  ⬇️ 已下载：image-16.png
  ⬇️ 已下载：image-14.png
  ⬇️ 已下载：image-11.jpg
  ⬇️ 已下载：image-12.jpg
  ⬇️ 已下载：image-13.jpg
  ⬇️ 已下载：image-8.png
  ⬇️ 已下载：image-10.jpg
  ⬇️ 已下载：image-1.jpg
  ⬇️ 已下载：退職金専用スターワン円定期預金商品説明書[PDF367KB]-taishokukin_plan_manual.pdf
  ⬇️ 已下载：退職金運用プランご家族ご紹介カード[PDF123KB]-Introductioncard.pdf
  ✅ 完成：退職金専用　スターワン円定期預金 | 東京スター銀行
     链接：173 | 文档：4 | 图片：0

📄 [深度 1] 爬取：https://www.tokyostarbank.co.jp/products/deposit/term/enteiki_limited/
  📥 加载页面...
  🔄 滚动页面加载动态内容...
  ✅ 页面加载完成
  📝 转换 Markdown...
  🔗 提取链接...
  📎 下载 3 个文档...
  ⬇️ 已下载：image-13.jpg
  ⬇️ 已下载：image-4.png
  ⬇️ 已下载：image-5.png
  ⬇️ 已下载：image-3.png
  ⬇️ 已下载：image-10.jpg
  ⬇️ 已下载：image-12.png
  ⬇️ 已下载：image-2.png
  ⬇️ 已下载：image-1.png
  ⬇️ 已下载：image-7.jpg
  ⬇️ 已下载：image-11.jpg
  ⬇️ 已下载：image-8.jpg
  ⬇️ 已下载：image-9.jpg
  ⬇️ 已下载：image-6.jpg
  ⬇️ 已下载：商品説明書[PDF399KB]-enteiki_limited_manual.pdf
  ✅ 完成：インターネット限定 新規口座開設優遇プラン スターワン円定期預金 | 東京スター銀行
     链接：175 | 文档：3 | 图片：0

📄 [深度 1] 爬取：https://www.tokyostarbank.co.jp/products/deposit/term/enteiki/
  📥 加载页面...
  🔄 滚动页面加载动态内容...
  ✅ 页面加载完成
  📝 转换 Markdown...
  🔗 提取链接...
  📎 下载 3 个文档...
  ⬇️ 已下载：image-11.jpg
  ⬇️ 已下载：image-10.png
  ⬇️ 已下载：image-9.png
  ⬇️ 已下载：image-2.png
  ⬇️ 已下载：image-4.png
  ⬇️ 已下载：image-1.jpg
  ⬇️ 已下载：image-3.png
  ⬇️ 已下载：image-7.jpg
  ⬇️ 已下载：image-6.jpg
  ⬇️ 已下载：image-5.jpg
  ⬇️ 已下载：image-8.jpg
  ⬇️ 已下载：商品説明書[PDF122KB]-term_enteiki_manual.pdf
  ✅ 完成：スターワン円定期預金 | 東京スター銀行
     链接：174 | 文档：3 | 图片：0

📄 [深度 1] 爬取：https://www.tokyostarbank.co.jp/products/deposit/term/installment/
  📥 加载页面...
  🔄 滚动页面加载动态内容...
  ✅ 页面加载完成
  📝 转换 Markdown...
  🔗 提取链接...
  📎 下载 3 个文档...
  ⬇️ 已下载：image-13.jpg
  ⬇️ 已下载：image-12.png
  ⬇️ 已下载：image-3.png
  ⬇️ 已下载：image-2.png
  ⬇️ 已下载：image-9.png
  ⬇️ 已下载：image-6.jpg
  ⬇️ 已下载：image-7.jpg
  ⬇️ 已下载：image-4.png
  ⬇️ 已下载：image-11.jpg
  ⬇️ 已下载：image-10.png
  ⬇️ 已下载：image-5.jpg
  ⬇️ 已下载：image-1.jpg
  ⬇️ 已下载：image-8.jpg
  ⬇️ 已下载：商品説明書[PDF123KB]-term_installment_manual.pdf
  ✅ 完成：スターワン積立円定期 | 東京スター銀行
     链接：174 | 文档：3 | 图片：0

📄 [深度 1] 爬取：https://www.tokyostarbank.co.jp/products/deposit/structure/stardream/
  📥 加载页面...
  🔄 滚动页面加载动态内容...
  ✅ 页面加载完成
  📝 转换 Markdown...
  🔗 提取链接...
  📎 下载 4 个文档...
  ⬇️ 已下载：image-13.png
  ⬇️ 已下载：image-4.png
  ⬇️ 已下载：image-11.png
  ⬇️ 已下载：image-3.png
  ⬇️ 已下载：image-5.png
  ⬇️ 已下载：image-1.png
  ⬇️ 已下载：image-2.png
  ⬇️ 已下载：image-9.jpg
  ⬇️ 已下载：image-7.jpg
  ⬇️ 已下载：image-12.jpg
  ⬇️ 已下载：image-10.jpg
  ⬇️ 已下载：image-6.jpg
  ⬇️ 已下载：image-8.jpg
  ⬇️ 已下载：こちら-outline.pdf
  ⬇️ 已下载：スタードリーム円定期重要情報シート[PDF638KB]-important_info.pdf
  ✅ 完成：スタードリーム円定期＜仕組み預金＞ | 東京スター銀行
     链接：174 | 文档：4 | 图片：0

📄 [深度 1] 爬取：https://www.tokyostarbank.co.jp/products/deposit/structure/soaring/
  📥 加载页面...
  🔄 滚动页面加载动态内容...
  ✅ 页面加载完成
  📝 转换 Markdown...
  🔗 提取链接...
  📎 下载 4 个文档...
  ⬇️ 已下载：image-14.jpg
  ⬇️ 已下载：image-13.png
  ⬇️ 已下载：image-11.png
  ⬇️ 已下载：image-3.png
  ⬇️ 已下载：image-4.png
  ⬇️ 已下载：image-1.png
  ⬇️ 已下载：image-12.jpg
  ⬇️ 已下载：image-9.jpg
  ⬇️ 已下载：image-5.png
  ⬇️ 已下载：image-8.jpg
  ⬇️ 已下载：image-2.png
  ⬇️ 已下载：image-10.jpg
  ⬇️ 已下载：image-7.jpg
  ⬇️ 已下载：image-6.jpg
  ⬇️ 已下载：右肩上がり円定期商品説明書[PDF802KB]-outline.pdf
  ⬇️ 已下载：右肩上がり円定期重要情報シート[PDF633KB]-important_info.pdf
  ✅ 完成：右肩上がり円定期 (仕組み預金) | 東京スター銀行
     链接：174 | 文档：4 | 图片：0

📄 [深度 1] 爬取：https://www.tokyostarbank.co.jp/products/deposit/structure/enkatsu/
  📥 加载页面...
  🔄 滚动页面加载动态内容...
  ✅ 页面加载完成
  📝 转换 Markdown...
  🔗 提取链接...
  📎 下载 4 个文档...
  ⬇️ 已下载：image-14.png
  ⬇️ 已下载：image-13.png
  ⬇️ 已下载：image-7.png
  ⬇️ 已下载：image-21.png
  ⬇️ 已下载：image-6.png
  ⬇️ 已下载：image-2.png
  ⬇️ 已下载：image-10.png
  ⬇️ 已下载：image-9.png
  ⬇️ 已下载：image-8.png
  ⬇️ 已下载：image-11.png
  ⬇️ 已下载：image-12.png
  ⬇️ 已下载：image-5.png
  ⬇️ 已下载：image-3.png
  ⬇️ 已下载：image-1.png
  ⬇️ 已下载：image-4.png
  ⬇️ 已下载：image-17.jpg
  ⬇️ 已下载：image-19.jpg
  ⬇️ 已下载：image-20.jpg
  ⬇️ 已下载：image-15.jpg
  ⬇️ 已下载：image-18.jpg
  ⬇️ 已下载：image-16.jpg
  ⬇️ 已下载：円活商品説明書[PDF1.43MB]-enkatsu_outline.pdf
  ⬇️ 已下载：円活重要情報シート[PDF1.22MB]-important_info.pdf
  ✅ 完成：円活 エンカツ＜仕組み預金＞ | 東京スター銀行
     链接：177 | 文档：4 | 图片：0

📄 [深度 1] 爬取：https://www.tokyostarbank.co.jp/products/deposit/structure/offset/
  📥 加载页面...
  🔄 滚动页面加载动态内容...
  ✅ 页面加载完成
  📝 转换 Markdown...
  🔗 提取链接...
  📎 下载 3 个文档...
  ⬇️ 已下载：image-13.png
  ⬇️ 已下载：image-20.png
  ⬇️ 已下载：image-7.png
  ⬇️ 已下载：image-9.png
  ⬇️ 已下载：image-10.png
  ⬇️ 已下载：image-6.png
  ⬇️ 已下载：image-12.png
  ⬇️ 已下载：image-3.png
  ⬇️ 已下载：image-2.png
  ⬇️ 已下载：image-4.png
  ⬇️ 已下载：image-18.png
  ⬇️ 已下载：image-5.png
  ⬇️ 已下载：image-8.png
  ⬇️ 已下载：image-11.png
  ⬇️ 已下载：image-1.png
  ⬇️ 已下载：image-19.jpg
  ⬇️ 已下载：image-15.jpg
  ⬇️ 已下载：image-17.jpg
  ⬇️ 已下载：image-14.jpg
  ⬇️ 已下载：image-16.jpg
  ⬇️ 已下载：オフセット定期預金商品説明書[PDF1.46MB]-offset_outline.pdf
  ✅ 完成：オフセット定期預金＜仕組み預金＞外国為替レート参照型（円預入タイプ）  | 東京スター銀行
     链接：175 | 文档：3 | 图片：0

============================================================
📊 爬取完成
============================================================
 页面数：57
 总链接：9467
 图片数：1162
 文档数：61
 全局去重链接数：515
 输出目录：/Users/zhaoshan/site-scraper-output/www.tokyostarbank.co.jp/products-deposit-savings/2026-03-25T06-18-16

✅ 所有任务完成！

